<?xml version="1.0" encoding="UTF-8"?>
<testng-results ignored="0" total="2" passed="2" failed="0" skipped="0">
  <reporter-output>
  </reporter-output>
  <suite started-at="2023-01-19T17:51:35 IST" name="Default suite" finished-at="2023-01-19T17:52:04 IST" duration-ms="28990">
    <groups>
    </groups>
    <test started-at="2023-01-19T17:51:35 IST" name="Default test" finished-at="2023-01-19T17:52:04 IST" duration-ms="28990">
      <class name="TestClass.Verify_Home_Page">
        <test-method is-config="true" signature="beforeClass()[pri:0, instance:TestClass.Verify_Home_Page@71809907]" started-at="2023-01-19T17:51:35 IST" name="beforeClass" finished-at="2023-01-19T17:51:59 IST" duration-ms="23721" status="PASS">
          <reporter-output>
          </reporter-output>
        </test-method> <!-- beforeClass -->
        <test-method is-config="true" signature="beforeMethod()[pri:0, instance:TestClass.Verify_Home_Page@71809907]" started-at="2023-01-19T17:51:59 IST" name="beforeMethod" finished-at="2023-01-19T17:51:59 IST" duration-ms="362" status="PASS">
          <reporter-output>
          </reporter-output>
        </test-method> <!-- beforeMethod -->
        <test-method signature="verifyHomePage()[pri:0, instance:TestClass.Verify_Home_Page@71809907]" started-at="2023-01-19T17:51:59 IST" name="verifyHomePage" finished-at="2023-01-19T17:51:59 IST" duration-ms="77" status="PASS">
          <reporter-output>
          </reporter-output>
        </test-method> <!-- verifyHomePage -->
      </class> <!-- TestClass.Verify_Home_Page -->
      <class name="TestClass.Verify_Login_Page">
        <test-method is-config="true" signature="beforeClass()[pri:0, instance:TestClass.Verify_Login_Page@323b36e0]" started-at="2023-01-19T17:52:00 IST" name="beforeClass" finished-at="2023-01-19T17:52:00 IST" duration-ms="3" status="PASS">
          <reporter-output>
          </reporter-output>
        </test-method> <!-- beforeClass -->
        <test-method is-config="true" signature="beforeMethod()[pri:0, instance:TestClass.Verify_Login_Page@323b36e0]" started-at="2023-01-19T17:52:00 IST" name="beforeMethod" finished-at="2023-01-19T17:52:00 IST" duration-ms="5" status="PASS">
          <reporter-output>
          </reporter-output>
        </test-method> <!-- beforeMethod -->
        <test-method signature="verifyLoginPage()[pri:0, instance:TestClass.Verify_Login_Page@323b36e0]" started-at="2023-01-19T17:52:00 IST" name="verifyLoginPage" finished-at="2023-01-19T17:52:04 IST" duration-ms="4603" status="PASS">
          <reporter-output>
          </reporter-output>
        </test-method> <!-- verifyLoginPage -->
      </class> <!-- TestClass.Verify_Login_Page -->
    </test> <!-- Default test -->
  </suite> <!-- Default suite -->
</testng-results>
